Start testing: Sep 17 20:40 JST
----------------------------------------------------------
9/39 Testing: predictive_amr_recorder
9/39 Test: predictive_amr_recorder
Command: "/home/ubuntu/projects/ARCH-main-merge-20260917/cpu-build-v1/arch_predictive_amr_recorder" "/home/ubuntu/projects/ARCH-main-merge-20260917/cpu-build-v1/predictive-amr-recorder-test-data"
Directory: /home/ubuntu/projects/ARCH-main-merge-20260917/cpu-build-v1
"predictive_amr_recorder" start time: Sep 17 20:40 JST
Output:
----------------------------------------------------------
[Info] Loaded 0 parameters from /home/ubuntu/projects/ARCH-main-merge-20260917/cpu-build-v1/predictive-amr-recorder-test-data/recorder.par
[RuntimeParams] Warning: PLT variable ENUC is disabled: the nuclear reaction network is not enabled
[Info] Loaded 1 parameters from /home/ubuntu/projects/ARCH-main-merge-20260917/cpu-build-v1/predictive-amr-recorder-test-data/recorder.par
[RuntimeParams] Warning: PLT variable ENUC is disabled: the nuclear reaction network is not enabled
[Info] Loaded 1 parameters from /home/ubuntu/projects/ARCH-main-merge-20260917/cpu-build-v1/predictive-amr-recorder-test-data/recorder.par
[RuntimeParams] Warning: PLT variable ENUC is disabled: the nuclear reaction network is not enabled
[Info] Loaded 1 parameters from /home/ubuntu/projects/ARCH-main-merge-20260917/cpu-build-v1/predictive-amr-recorder-test-data/recorder.par
[RuntimeParams] Warning: PLT variable ENUC is disabled: the nuclear reaction network is not enabled
[Info] Loaded 1 parameters from /home/ubuntu/projects/ARCH-main-merge-20260917/cpu-build-v1/predictive-amr-recorder-test-data/recorder.par
[RuntimeParams] Warning: PLT variable ENUC is disabled: the nuclear reaction network is not enabled
[Info] Loaded 1 parameters from /home/ubuntu/projects/ARCH-main-merge-20260917/cpu-build-v1/predictive-amr-recorder-test-data/recorder.par
[RuntimeParams] Warning: PLT variable ENUC is disabled: the nuclear reaction network is not enabled
[Info] Loaded 1 parameters from /home/ubuntu/projects/ARCH-main-merge-20260917/cpu-build-v1/predictive-amr-recorder-test-data/recorder.par
[RuntimeParams] Warning: PLT variable ENUC is disabled: the nuclear reaction network is not enabled
[Info] Loaded 3 parameters from /home/ubuntu/projects/ARCH-main-merge-20260917/cpu-build-v1/predictive-amr-recorder-test-data/recorder.par
[RuntimeParams] Warning: PLT variable ENUC is disabled: the nuclear reaction network is not enabled
[Info] Loaded 1 parameters from /home/ubuntu/projects/ARCH-main-merge-20260917/cpu-build-v1/predictive-amr-recorder-test-data/recorder.par
[Info] Loaded 1 parameters from /home/ubuntu/projects/ARCH-main-merge-20260917/cpu-build-v1/predictive-amr-recorder-test-data/recorder.par
[Info] Loaded 1 parameters from /home/ubuntu/projects/ARCH-main-merge-20260917/cpu-build-v1/predictive-amr-recorder-test-data/recorder.par
[Adaptive Runtime] Predictive AMR Phase 0 observer enabled: /home/ubuntu/projects/ARCH-main-merge-20260917/cpu-build-v1/predictive-amr-recorder-test-data/dim1
[ADAPTIVE RUNTIME DATA] events=2 nodes=2 edges=0 conservation_snapshots=3 observer_ms=0.157 prefix=/home/ubuntu/projects/ARCH-main-merge-20260917/cpu-build-v1/predictive-amr-recorder-test-data/dim1
[Adaptive Runtime] Predictive AMR Phase 0 observer enabled: /home/ubuntu/projects/ARCH-main-merge-20260917/cpu-build-v1/predictive-amr-recorder-test-data/dim2
[ADAPTIVE RUNTIME DATA] events=2 nodes=2 edges=0 conservation_snapshots=3 observer_ms=0.307 prefix=/home/ubuntu/projects/ARCH-main-merge-20260917/cpu-build-v1/predictive-amr-recorder-test-data/dim2
[Adaptive Runtime] Predictive AMR Phase 0 observer enabled: /home/ubuntu/projects/ARCH-main-merge-20260917/cpu-build-v1/predictive-amr-recorder-test-data/dim3
[ADAPTIVE RUNTIME DATA] events=2 nodes=2 edges=0 conservation_snapshots=3 observer_ms=5.017 prefix=/home/ubuntu/projects/ARCH-main-merge-20260917/cpu-build-v1/predictive-amr-recorder-test-data/dim3
predictive AMR recorder contracts passed (Host; no GPU qualification)
<end of output>
Test time =   0.06 sec
----------------------------------------------------------
Test Passed.
"predictive_amr_recorder" end time: Sep 17 20:40 JST
"predictive_amr_recorder" time elapsed: 00:00:00
----------------------------------------------------------

28/39 Testing: amr_operation_plans
28/39 Test: amr_operation_plans
Command: "/home/ubuntu/projects/ARCH-main-merge-20260917/cpu-build-v1/arch_amr_operation_plans"
Directory: /home/ubuntu/projects/ARCH-main-merge-20260917/cpu-build-v1
"amr_operation_plans" start time: Sep 17 20:40 JST
Output:
----------------------------------------------------------
AMR_PLAN_CONTRACT_PASS ordinary=534e24ea68b3f6bf migration=f6c7dabb6721000d
<end of output>
Test time =   0.01 sec
----------------------------------------------------------
Test Passed.
"amr_operation_plans" end time: Sep 17 20:40 JST
"amr_operation_plans" time elapsed: 00:00:00
----------------------------------------------------------

30/39 Testing: topology_transaction
30/39 Test: topology_transaction
Command: "/home/ubuntu/projects/ARCH-main-merge-20260917/cpu-build-v1/arch_topology_transaction"
Directory: /home/ubuntu/projects/ARCH-main-merge-20260917/cpu-build-v1
"topology_transaction" start time: Sep 17 20:40 JST
Output:
----------------------------------------------------------
TOPOLOGY_TRANSACTION_PASS
<end of output>
Test time =   0.05 sec
----------------------------------------------------------
Test Passed.
"topology_transaction" end time: Sep 17 20:40 JST
"topology_transaction" time elapsed: 00:00:00
----------------------------------------------------------

32/39 Testing: runtime_probe_and_capabilities
32/39 Test: runtime_probe_and_capabilities
Command: "/home/ubuntu/projects/ARCH-main-merge-20260917/cpu-build-v1/arch_runtime_probe_capabilities"
Directory: /home/ubuntu/projects/ARCH-main-merge-20260917/cpu-build-v1
"runtime_probe_and_capabilities" start time: Sep 17 20:40 JST
Output:
----------------------------------------------------------
runtime_probe_and_capabilities: ok
<end of output>
Test time =   0.00 sec
----------------------------------------------------------
Test Passed.
"runtime_probe_and_capabilities" end time: Sep 17 20:40 JST
"runtime_probe_and_capabilities" time elapsed: 00:00:00
----------------------------------------------------------

36/39 Testing: checkpoint_compatibility
36/39 Test: checkpoint_compatibility
Command: "/home/ubuntu/projects/ARCH-main-merge-20260917/cpu-build-v1/arch_checkpoint_compatibility" "/home/ubuntu/projects/ARCH-main-merge-20260917/cpu-build-v1/checkpoint-compatibility-data"
Directory: /home/ubuntu/projects/ARCH-main-merge-20260917/cpu-build-v1
"checkpoint_compatibility" start time: Sep 17 20:40 JST
Output:
----------------------------------------------------------
[Info] Loaded 3 parameters from /home/ubuntu/projects/ARCH-main-merge-20260917/cpu-build-v1/checkpoint-compatibility-data/nse-controls.par
[RuntimeParams] Warning: PLT variable ENUC is disabled: the nuclear reaction network is not enabled
[Info] Loaded 3 parameters from /home/ubuntu/projects/ARCH-main-merge-20260917/cpu-build-v1/checkpoint-compatibility-data/nse-controls.par
[RuntimeParams] Warning: PLT variable ENUC is disabled: the nuclear reaction network is not enabled
[Info] Loaded 3 parameters from /home/ubuntu/projects/ARCH-main-merge-20260917/cpu-build-v1/checkpoint-compatibility-data/nse-controls.par
[RuntimeParams] Warning: PLT variable ENUC is disabled: the nuclear reaction network is not enabled
[Info] Loaded 3 parameters from /home/ubuntu/projects/ARCH-main-merge-20260917/cpu-build-v1/checkpoint-compatibility-data/nse-controls.par
[RuntimeParams] Warning: PLT variable ENUC is disabled: the nuclear reaction network is not enabled
[Info] Loaded 3 parameters from /home/ubuntu/projects/ARCH-main-merge-20260917/cpu-build-v1/checkpoint-compatibility-data/nse-controls.par
[RuntimeParams] Warning: PLT variable ENUC is disabled: the nuclear reaction network is not enabled
[Info] Loaded 0 parameters from /home/ubuntu/projects/ARCH-main-merge-20260917/cpu-build-v1/checkpoint-compatibility-data/nse-controls.par
[RuntimeParams] Warning: PLT variable ENUC is disabled: the nuclear reaction network is not enabled
[Info] Loaded 1 parameters from /home/ubuntu/projects/ARCH-main-merge-20260917/cpu-build-v1/checkpoint-compatibility-data/nse-controls.par
[Info] Loaded 1 parameters from /home/ubuntu/projects/ARCH-main-merge-20260917/cpu-build-v1/checkpoint-compatibility-data/nse-controls.par
[Info] Loaded 2 parameters from /home/ubuntu/projects/ARCH-main-merge-20260917/cpu-build-v1/checkpoint-compatibility-data/nse-controls.par
[Info] Loaded 2 parameters from /home/ubuntu/projects/ARCH-main-merge-20260917/cpu-build-v1/checkpoint-compatibility-data/nse-controls.par
[Info] Loaded 2 parameters from /home/ubuntu/projects/ARCH-main-merge-20260917/cpu-build-v1/checkpoint-compatibility-data/nse-controls.par
[Info] Loaded 2 parameters from /home/ubuntu/projects/ARCH-main-merge-20260917/cpu-build-v1/checkpoint-compatibility-data/nse-controls.par
[IO] Saved CHK: /home/ubuntu/projects/ARCH-main-merge-20260917/cpu-build-v1/checkpoint-compatibility-data/checkpoint-native.h5 at step 7 with 1 AMR leaves.
[IO] Saved CHK: /home/ubuntu/projects/ARCH-main-merge-20260917/cpu-build-v1/checkpoint-compatibility-data/checkpoint-ideal.h5 at step 7 with 1 AMR leaves.
[IO] Saved CHK: /home/ubuntu/projects/ARCH-main-merge-20260917/cpu-build-v1/checkpoint-compatibility-data/native-composition.h5 at step 7 with 1 AMR leaves.
HDF5-DIAG: Error detected in HDF5 (2.1.0) thread 1:
  #000: /home/conda/feedstock_root/build_artifacts/hdf5_1784117635854/work/src/H5D.c line 401 in H5Dopen2(): unable to synchronously open dataset
    major: Dataset
    minor: Can't open object
  #001: /home/conda/feedstock_root/build_artifacts/hdf5_1784117635854/work/src/H5D.c line 363 in H5D__open_api_common(): unable to open dataset
    major: Dataset
    minor: Can't open object
  #002: /home/conda/feedstock_root/build_artifacts/hdf5_1784117635854/work/src/H5VLcallback.c line 2090 in H5VL_dataset_open(): dataset open failed
    major: Virtual Object Layer
    minor: Can't open object
  #003: /home/conda/feedstock_root/build_artifacts/hdf5_1784117635854/work/src/H5VLcallback.c line 2057 in H5VL__dataset_open(): dataset open failed
    major: Virtual Object Layer
    minor: Can't open object
  #004: /home/conda/feedstock_root/build_artifacts/hdf5_1784117635854/work/src/H5VLnative_dataset.c line 332 in H5VL__native_dataset_open(): unable to open dataset
    major: Dataset
    minor: Can't open object
  #005: /home/conda/feedstock_root/build_artifacts/hdf5_1784117635854/work/src/H5Dint.c line 1475 in H5D__open_name(): not found
    major: Dataset
    minor: Object not found
  #006: /home/conda/feedstock_root/build_artifacts/hdf5_1784117635854/work/src/H5Gloc.c line 424 in H5G_loc_find(): can't find object
    major: Symbol table
    minor: Object not found
  #007: /home/conda/feedstock_root/build_artifacts/hdf5_1784117635854/work/src/H5Gtraverse.c line 846 in H5G_traverse(): internal path traversal failed
    major: Symbol table
    minor: Object not found
  #008: /home/conda/feedstock_root/build_artifacts/hdf5_1784117635854/work/src/H5Gtraverse.c line 618 in H5G__traverse_real(): traversal operator failed
    major: Symbol table
    minor: Callback failed
  #009: /home/conda/feedstock_root/build_artifacts/hdf5_1784117635854/work/src/H5Gloc.c line 381 in H5G__loc_find_cb(): object 'X' doesn't exist
    major: Symbol table
    minor: Object not found
[IO] Saved CHK: /home/ubuntu/projects/ARCH-main-merge-20260917/cpu-build-v1/checkpoint-compatibility-data/host-restart.h5 at step 7 with 2 AMR leaves.
[IO] Restored CHK: /home/ubuntu/projects/ARCH-main-merge-20260917/cpu-build-v1/checkpoint-compatibility-data/host-restart.h5 at step 7 with 2 AMR leaves.
[IO] Saved CHK: /home/ubuntu/projects/ARCH-main-merge-20260917/cpu-build-v1/checkpoint-compatibility-data/host-restart.h5 at step 7 with 2 AMR leaves.
HDF5-DIAG: Error detected in HDF5 (2.1.0) thread 1:
  #000: /home/conda/feedstock_root/build_artifacts/hdf5_1784117635854/work/src/H5A.c line 539 in H5Aopen(): unable to synchronously open attribute
    major: Attribute
    minor: Unable to create file
  #001: /home/conda/feedstock_root/build_artifacts/hdf5_1784117635854/work/src/H5A.c line 505 in H5A__open_api_common(): unable to open attribute: 'dt_old'
    major: Attribute
    minor: Can't open object
  #002: /home/conda/feedstock_root/build_artifacts/hdf5_1784117635854/work/src/H5A.c line 454 in H5A__open_common(): unable to open attribute: 'dt_old'
    major: Attribute
    minor: Can't open object
  #003: /home/conda/feedstock_root/build_artifacts/hdf5_1784117635854/work/src/H5VLcallback.c line 1200 in H5VL_attr_open(): attribute open failed
    major: Virtual Object Layer
    minor: Can't open object
  #004: /home/conda/feedstock_root/build_artifacts/hdf5_1784117635854/work/src/H5VLcallback.c line 1167 in H5VL__attr_open(): attribute open failed
    major: Virtual Object Layer
    minor: Can't open object
  #005: /home/conda/feedstock_root/build_artifacts/hdf5_1784117635854/work/src/H5VLnative_attr.c line 164 in H5VL__native_attr_open(): unable to open attribute: 'dt_old'
    major: Attribute
    minor: Can't open object
  #006: /home/conda/feedstock_root/build_artifacts/hdf5_1784117635854/work/src/H5Aint.c line 561 in H5A__open(): unable to load attribute info from object header for attribute: 'dt_old'
    major: Attribute
    minor: Can't open object
  #007: /home/conda/feedstock_root/build_artifacts/hdf5_1784117635854/work/src/H5Oattribute.c line 475 in H5O__attr_open_by_name(): can't open attribute
    major: Attribute
    minor: Can't open object
  #008: /home/conda/feedstock_root/build_artifacts/hdf5_1784117635854/work/src/H5Adense.c line 384 in H5A__dense_open(): can't locate attribute in name index
    major: Attribute
    minor: Object not found
[IO] Saved CHK: /home/ubuntu/projects/ARCH-main-merge-20260917/cpu-build-v1/checkpoint-compatibility-data/host-restart.h5 at step 7 with 2 AMR leaves.
HDF5-DIAG: Error detected in HDF5 (2.1.0) thread 1:
  #000: /home/conda/feedstock_root/build_artifacts/hdf5_1784117635854/work/src/H5A.c line 539 in H5Aopen(): unable to synchronously open attribute
    major: Attribute
    minor: Unable to create file
  #001: /home/conda/feedstock_root/build_artifacts/hdf5_1784117635854/work/src/H5A.c line 505 in H5A__open_api_common(): unable to open attribute: 'dt_burn'
    major: Attribute
    minor: Can't open object
  #002: /home/conda/feedstock_root/build_artifacts/hdf5_1784117635854/work/src/H5A.c line 454 in H5A__open_common(): unable to open attribute: 'dt_burn'
    major: Attribute
    minor: Can't open object
  #003: /home/conda/feedstock_root/build_artifacts/hdf5_1784117635854/work/src/H5VLcallback.c line 1200 in H5VL_attr_open(): attribute open failed
    major: Virtual Object Layer
    minor: Can't open object
  #004: /home/conda/feedstock_root/build_artifacts/hdf5_1784117635854/work/src/H5VLcallback.c line 1167 in H5VL__attr_open(): attribute open failed
    major: Virtual Object Layer
    minor: Can't open object
  #005: /home/conda/feedstock_root/build_artifacts/hdf5_1784117635854/work/src/H5VLnative_attr.c line 164 in H5VL__native_attr_open(): unable to open attribute: 'dt_burn'
    major: Attribute
    minor: Can't open object
  #006: /home/conda/feedstock_root/build_artifacts/hdf5_1784117635854/work/src/H5Aint.c line 561 in H5A__open(): unable to load attribute info from object header for attribute: 'dt_burn'
    major: Attribute
    minor: Can't open object
  #007: /home/conda/feedstock_root/build_artifacts/hdf5_1784117635854/work/src/H5Oattribute.c line 475 in H5O__attr_open_by_name(): can't open attribute
    major: Attribute
    minor: Can't open object
  #008: /home/conda/feedstock_root/build_artifacts/hdf5_1784117635854/work/src/H5Adense.c line 384 in H5A__dense_open(): can't locate attribute in name index
    major: Attribute
    minor: Object not found
[IO] Saved CHK: /home/ubuntu/projects/ARCH-main-merge-20260917/cpu-build-v1/checkpoint-compatibility-data/host-restart.h5 at step 7 with 2 AMR leaves.
HDF5-DIAG: Error detected in HDF5 (2.1.0) thread 1:
  #000: /home/conda/feedstock_root/build_artifacts/hdf5_1784117635854/work/src/H5A.c line 539 in H5Aopen(): unable to synchronously open attribute
    major: Attribute
    minor: Unable to create file
  #001: /home/conda/feedstock_root/build_artifacts/hdf5_1784117635854/work/src/H5A.c line 505 in H5A__open_api_common(): unable to open attribute: 'resume_after_regrid'
    major: Attribute
    minor: Can't open object
  #002: /home/conda/feedstock_root/build_artifacts/hdf5_1784117635854/work/src/H5A.c line 454 in H5A__open_common(): unable to open attribute: 'resume_after_regrid'
    major: Attribute
    minor: Can't open object
  #003: /home/conda/feedstock_root/build_artifacts/hdf5_1784117635854/work/src/H5VLcallback.c line 1200 in H5VL_attr_open(): attribute open failed
    major: Virtual Object Layer
    minor: Can't open object
  #004: /home/conda/feedstock_root/build_artifacts/hdf5_1784117635854/work/src/H5VLcallback.c line 1167 in H5VL__attr_open(): attribute open failed
    major: Virtual Object Layer
    minor: Can't open object
  #005: /home/conda/feedstock_root/build_artifacts/hdf5_1784117635854/work/src/H5VLnative_attr.c line 164 in H5VL__native_attr_open(): unable to open attribute: 'resume_after_regrid'
    major: Attribute
    minor: Can't open object
  #006: /home/conda/feedstock_root/build_artifacts/hdf5_1784117635854/work/src/H5Aint.c line 561 in H5A__open(): unable to load attribute info from object header for attribute: 'resume_after_regrid'
    major: Attribute
    minor: Can't open object
  #007: /home/conda/feedstock_root/build_artifacts/hdf5_1784117635854/work/src/H5Oattribute.c line 475 in H5O__attr_open_by_name(): can't open attribute
    major: Attribute
    minor: Can't open object
  #008: /home/conda/feedstock_root/build_artifacts/hdf5_1784117635854/work/src/H5Adense.c line 384 in H5A__dense_open(): can't locate attribute in name index
    major: Attribute
    minor: Object not found
[IO] Saved CHK: /home/ubuntu/projects/ARCH-main-merge-20260917/cpu-build-v1/checkpoint-compatibility-data/host-restart.h5 at step 7 with 2 AMR leaves.
HDF5-DIAG: Error detected in HDF5 (2.1.0) thread 1:
  #000: /home/conda/feedstock_root/build_artifacts/hdf5_1784117635854/work/src/H5A.c line 539 in H5Aopen(): unable to synchronously open attribute
    major: Attribute
    minor: Unable to create file
  #001: /home/conda/feedstock_root/build_artifacts/hdf5_1784117635854/work/src/H5A.c line 505 in H5A__open_api_common(): unable to open attribute: 'eos_type'
    major: Attribute
    minor: Can't open object
  #002: /home/conda/feedstock_root/build_artifacts/hdf5_1784117635854/work/src/H5A.c line 454 in H5A__open_common(): unable to open attribute: 'eos_type'
    major: Attribute
    minor: Can't open object
  #003: /home/conda/feedstock_root/build_artifacts/hdf5_1784117635854/work/src/H5VLcallback.c line 1200 in H5VL_attr_open(): attribute open failed
    major: Virtual Object Layer
    minor: Can't open object
  #004: /home/conda/feedstock_root/build_artifacts/hdf5_1784117635854/work/src/H5VLcallback.c line 1167 in H5VL__attr_open(): attribute open failed
    major: Virtual Object Layer
    minor: Can't open object
  #005: /home/conda/feedstock_root/build_artifacts/hdf5_1784117635854/work/src/H5VLnative_attr.c line 164 in H5VL__native_attr_open(): unable to open attribute: 'eos_type'
    major: Attribute
    minor: Can't open object
  #006: /home/conda/feedstock_root/build_artifacts/hdf5_1784117635854/work/src/H5Aint.c line 561 in H5A__open(): unable to load attribute info from object header for attribute: 'eos_type'
    major: Attribute
    minor: Can't open object
  #007: /home/conda/feedstock_root/build_artifacts/hdf5_1784117635854/work/src/H5Oattribute.c line 475 in H5O__attr_open_by_name(): can't open attribute
    major: Attribute
    minor: Can't open object
  #008: /home/conda/feedstock_root/build_artifacts/hdf5_1784117635854/work/src/H5Adense.c line 384 in H5A__dense_open(): can't locate attribute in name index
    major: Attribute
    minor: Object not found
[IO] Saved CHK: /home/ubuntu/projects/ARCH-main-merge-20260917/cpu-build-v1/checkpoint-compatibility-data/host-restart.h5 at step 7 with 2 AMR leaves.
HDF5-DIAG: Error detected in HDF5 (2.1.0) thread 1:
  #000: /home/conda/feedstock_root/build_artifacts/hdf5_1784117635854/work/src/H5D.c line 401 in H5Dopen2(): unable to synchronously open dataset
    major: Dataset
    minor: Can't open object
  #001: /home/conda/feedstock_root/build_artifacts/hdf5_1784117635854/work/src/H5D.c line 363 in H5D__open_api_common(): unable to open dataset
    major: Dataset
    minor: Can't open object
  #002: /home/conda/feedstock_root/build_artifacts/hdf5_1784117635854/work/src/H5VLcallback.c line 2090 in H5VL_dataset_open(): dataset open failed
    major: Virtual Object Layer
    minor: Can't open object
  #003: /home/conda/feedstock_root/build_artifacts/hdf5_1784117635854/work/src/H5VLcallback.c line 2057 in H5VL__dataset_open(): dataset open failed
    major: Virtual Object Layer
    minor: Can't open object
  #004: /home/conda/feedstock_root/build_artifacts/hdf5_1784117635854/work/src/H5VLnative_dataset.c line 332 in H5VL__native_dataset_open(): unable to open dataset
    major: Dataset
    minor: Can't open object
  #005: /home/conda/feedstock_root/build_artifacts/hdf5_1784117635854/work/src/H5Dint.c line 1475 in H5D__open_name(): not found
    major: Dataset
    minor: Object not found
  #006: /home/conda/feedstock_root/build_artifacts/hdf5_1784117635854/work/src/H5Gloc.c line 424 in H5G_loc_find(): can't find object
    major: Symbol table
    minor: Object not found
  #007: /home/conda/feedstock_root/build_artifacts/hdf5_1784117635854/work/src/H5Gtraverse.c line 846 in H5G_traverse(): internal path traversal failed
    major: Symbol table
    minor: Object not found
  #008: /home/conda/feedstock_root/build_artifacts/hdf5_1784117635854/work/src/H5Gtraverse.c line 618 in H5G__traverse_real(): traversal operator failed
    major: Symbol table
    minor: Callback failed
  #009: /home/conda/feedstock_root/build_artifacts/hdf5_1784117635854/work/src/H5Gloc.c line 381 in H5G__loc_find_cb(): object 'enuc_rate' doesn't exist
    major: Symbol table
    minor: Object not found
[IO] Saved CHK: /home/ubuntu/projects/ARCH-main-merge-20260917/cpu-build-v1/checkpoint-compatibility-data/host-restart.h5 at step 7 with 2 AMR leaves.
HDF5-DIAG: Error detected in HDF5 (2.1.0) thread 1:
  #000: /home/conda/feedstock_root/build_artifacts/hdf5_1784117635854/work/src/H5D.c line 401 in H5Dopen2(): unable to synchronously open dataset
    major: Dataset
    minor: Can't open object
  #001: /home/conda/feedstock_root/build_artifacts/hdf5_1784117635854/work/src/H5D.c line 363 in H5D__open_api_common(): unable to open dataset
    major: Dataset
    minor: Can't open object
  #002: /home/conda/feedstock_root/build_artifacts/hdf5_1784117635854/work/src/H5VLcallback.c line 2090 in H5VL_dataset_open(): dataset open failed
    major: Virtual Object Layer
    minor: Can't open object
  #003: /home/conda/feedstock_root/build_artifacts/hdf5_1784117635854/work/src/H5VLcallback.c line 2057 in H5VL__dataset_open(): dataset open failed
    major: Virtual Object Layer
    minor: Can't open object
  #004: /home/conda/feedstock_root/build_artifacts/hdf5_1784117635854/work/src/H5VLnative_dataset.c line 332 in H5VL__native_dataset_open(): unable to open dataset
    major: Dataset
    minor: Can't open object
  #005: /home/conda/feedstock_root/build_artifacts/hdf5_1784117635854/work/src/H5Dint.c line 1475 in H5D__open_name(): not found
    major: Dataset
    minor: Object not found
  #006: /home/conda/feedstock_root/build_artifacts/hdf5_1784117635854/work/src/H5Gloc.c line 424 in H5G_loc_find(): can't find object
    major: Symbol table
    minor: Object not found
  #007: /home/conda/feedstock_root/build_artifacts/hdf5_1784117635854/work/src/H5Gtraverse.c line 846 in H5G_traverse(): internal path traversal failed
    major: Symbol table
    minor: Object not found
  #008: /home/conda/feedstock_root/build_artifacts/hdf5_1784117635854/work/src/H5Gtraverse.c line 618 in H5G__traverse_real(): traversal operator failed
    major: Symbol table
    minor: Callback failed
  #009: /home/conda/feedstock_root/build_artifacts/hdf5_1784117635854/work/src/H5Gloc.c line 381 in H5G__loc_find_cb(): object 'X' doesn't exist
    major: Symbol table
    minor: Object not found
[IO] Saved CHK: /home/ubuntu/projects/ARCH-main-merge-20260917/cpu-build-v1/checkpoint-compatibility-data/host-restart.h5 at step 7 with 2 AMR leaves.
HDF5-DIAG: Error detected in HDF5 (2.1.0) thread 1:
  #000: /home/conda/feedstock_root/build_artifacts/hdf5_1784117635854/work/src/H5D.c line 401 in H5Dopen2(): unable to synchronously open dataset
    major: Dataset
    minor: Can't open object
  #001: /home/conda/feedstock_root/build_artifacts/hdf5_1784117635854/work/src/H5D.c line 363 in H5D__open_api_common(): unable to open dataset
    major: Dataset
    minor: Can't open object
  #002: /home/conda/feedstock_root/build_artifacts/hdf5_1784117635854/work/src/H5VLcallback.c line 2090 in H5VL_dataset_open(): dataset open failed
    major: Virtual Object Layer
    minor: Can't open object
  #003: /home/conda/feedstock_root/build_artifacts/hdf5_1784117635854/work/src/H5VLcallback.c line 2057 in H5VL__dataset_open(): dataset open failed
    major: Virtual Object Layer
    minor: Can't open object
  #004: /home/conda/feedstock_root/build_artifacts/hdf5_1784117635854/work/src/H5VLnative_dataset.c line 332 in H5VL__native_dataset_open(): unable to open dataset
    major: Dataset
    minor: Can't open object
  #005: /home/conda/feedstock_root/build_artifacts/hdf5_1784117635854/work/src/H5Dint.c line 1475 in H5D__open_name(): not found
    major: Dataset
    minor: Object not found
  #006: /home/conda/feedstock_root/build_artifacts/hdf5_1784117635854/work/src/H5Gloc.c line 424 in H5G_loc_find(): can't find object
    major: Symbol table
    minor: Object not found
  #007: /home/conda/feedstock_root/build_artifacts/hdf5_1784117635854/work/src/H5Gtraverse.c line 846 in H5G_traverse(): internal path traversal failed
    major: Symbol table
    minor: Object not found
  #008: /home/conda/feedstock_root/build_artifacts/hdf5_1784117635854/work/src/H5Gtraverse.c line 618 in H5G__traverse_real(): traversal operator failed
    major: Symbol table
    minor: Callback failed
  #009: /home/conda/feedstock_root/build_artifacts/hdf5_1784117635854/work/src/H5Gloc.c line 381 in H5G__loc_find_cb(): object 'name' doesn't exist
    major: Symbol table
    minor: Object not found
[IO] Saved CHK: /home/ubuntu/projects/ARCH-main-merge-20260917/cpu-build-v1/checkpoint-compatibility-data/host-restart.h5 at step 7 with 2 AMR leaves.
checkpoint compatibility tests passed
<end of output>
Test time =   0.21 sec
----------------------------------------------------------
Test Passed.
"checkpoint_compatibility" end time: Sep 17 20:40 JST
"checkpoint_compatibility" time elapsed: 00:00:00
----------------------------------------------------------

End testing: Sep 17 20:40 JST
